<testsuite name="TEMPLATE-EXAMPLE-API-IMPL-test-suite" time="0.839" failures="0" errors="0" skipped="0" tests="1">
  <properties>
    <property key="java.runtime.name" value="Java(TM) SE Runtime Environment"/>
    <property key="sun.boot.library.path" value="/opt/jdk1.8.0_151/jre/lib/amd64"/>
    <property key="java.vm.version" value="25.151-b12"/>
    <property key="maven.multiModuleProjectDirectory" value="/home/ubuntu/bamboo-home/xml-data/build-dir/SAM-SAM-JOB1"/>
    <property key="java.vm.vendor" value="Oracle Corporation"/>
    <property key="java.vendor.url" value="http://java.oracle.com/"/>
    <property key="guice.disable.misplaced.annotation.check" value="true"/>
    <property key="path.separator" value=":"/>
    <property key="java.vm.name" value="Java HotSpot(TM) 64-Bit Server VM"/>
    <property key="file.encoding.pkg" value="sun.io"/>
    <property key="user.country" value="US"/>
    <property key="sun.java.launcher" value="SUN_STANDARD"/>
    <property key="sun.os.patch.level" value="unknown"/>
    <property key="java.vm.specification.name" value="Java Virtual Machine Specification"/>
    <property key="user.dir" value="/home/ubuntu/bamboo-home/xml-data/build-dir/SAM-SAM-JOB1"/>
    <property key="java.runtime.version" value="1.8.0_151-b12"/>
    <property key="java.awt.graphicsenv" value="sun.awt.X11GraphicsEnvironment"/>
    <property key="java.endorsed.dirs" value="/opt/jdk1.8.0_151/jre/lib/endorsed"/>
    <property key="os.arch" value="amd64"/>
    <property key="line.separator" value="&#xa;"/>
    <property key="java.vm.specification.vendor" value="Oracle Corporation"/>
    <property key="os.name" value="Linux"/>
    <property key="classworlds.conf" value="/opt/maven/bin/m2.conf"/>
    <property key="sun.jnu.encoding" value="UTF-8"/>
    <property key="java.library.path" value="/usr/java/packages/lib/amd64:/usr/lib64:/lib64:/lib:/usr/lib"/>
    <property key="java.specification.name" value="Java Platform API Specification"/>
    <property key="java.class.version" value="52.0"/>
    <property key="sun.management.compiler" value="HotSpot 64-Bit Tiered Compilers"/>
    <property key="os.version" value="4.4.0-1048-aws"/>
    <property key="user.home" value="/home/ubuntu"/>
    <property key="user.timezone" value="Etc/UTC"/>
    <property key="java.awt.printerjob" value="sun.print.PSPrinterJob"/>
    <property key="file.encoding" value="UTF-8"/>
    <property key="java.specification.version" value="1.8"/>
    <property key="java.class.path" value="/opt/maven/boot/plexus-classworlds-2.5.2.jar"/>
    <property key="user.name" value="ubuntu"/>
    <property key="java.vm.specification.version" value="1.8"/>
    <property key="sun.java.command" value="org.codehaus.plexus.classworlds.launcher.Launcher -Djava.io.tmpdir=/home/ubuntu/atlassian-bamboo-6.2.3/temp/SAM-SAM-JOB1 clean package -Dmule.key=${bamboo.muleDevEncryptionKeySecret}"/>
    <property key="java.home" value="/opt/jdk1.8.0_151/jre"/>
    <property key="sun.arch.data.model" value="64"/>
    <property key="user.language" value="en"/>
    <property key="java.specification.vendor" value="Oracle Corporation"/>
    <property key="awt.toolkit" value="sun.awt.X11.XToolkit"/>
    <property key="java.vm.info" value="mixed mode"/>
    <property key="java.version" value="1.8.0_151"/>
    <property key="securerandom.source" value="file:/dev/./urandom"/>
    <property key="java.ext.dirs" value="/opt/jdk1.8.0_151/jre/lib/ext:/usr/java/packages/lib/ext"/>
    <property key="sun.boot.class.path" value="/opt/jdk1.8.0_151/jre/lib/resources.jar:/opt/jdk1.8.0_151/jre/lib/rt.jar:/opt/jdk1.8.0_151/jre/lib/sunrsasign.jar:/opt/jdk1.8.0_151/jre/lib/jsse.jar:/opt/jdk1.8.0_151/jre/lib/jce.jar:/opt/jdk1.8.0_151/jre/lib/charsets.jar:/opt/jdk1.8.0_151/jre/lib/jfr.jar:/opt/jdk1.8.0_151/jre/classes"/>
    <property key="java.vendor" value="Oracle Corporation"/>
    <property key="maven.home" value="/opt/maven"/>
    <property key="file.separator" value="/"/>
    <property key="java.vendor.url.bug" value="http://bugreport.sun.com/bugreport/"/>
    <property key="sun.io.unicode.encoding" value="UnicodeLittle"/>
    <property key="sun.cpu.endian" value="little"/>
    <property key="sun.cpu.isalist" value=""/>
    <property key="java.io.tmpdir" value="/home/ubuntu/atlassian-bamboo-6.2.3/temp/SAM-SAM-JOB1"/>
    <property key="mule.testingMode" value="true"/>
    <property key="mule.working.dir" value="/home/ubuntu/bamboo-home/xml-data/build-dir/SAM-SAM-JOB1/target/.mule"/>
    <property key="mule.key" value="${bamboo.muleDevEncryptionKeySecret}"/>
  </properties>
  <testcase time="0.555" name="TEMPLATE-EXAMPLE-API-IMPL-test-suite-get:/someresource/subresource1:api-implTest" classname="TEMPLATE-EXAMPLE-API-IMPL-test-suite"/>
</testsuite>